18
18
1189
2101
365
18
18
1189
2101
18
365
555
1281
2775
18
1022
18
1189
2101
18
365
18
402
1189
2101
18
365
555
1281
18
2689
1902
2775
1189
2101
18
231
1022
18
2645
365
18
1189
2101
1042
18
1050
2561
18
365
555
1281
375
1189
2101
18
276
2775
18
2116
365
402
1189
2101
18
127
1022
18
1981
18
1189
2101
365
555
1281
18
2689
1902
2775
18
1189
2101
18
365
533
231
18
2327
2338
1022
1189
2101
18
2645
365
555
1281
18
798
997
18
402
1189
2101
33
2775
18
365
1042
18
1050
1189
2101
981
18
2561
1022
1952
18
365
555
1281
25
375
1189
2101
18
2689
18
276
1902
2775
365
18
1189
2101
18
2116
2910
18
231
365
402
555
1189
1281
2101
18
127
1022
1585
2782
18
2645
150
1189
2101
2775
18
365
1981
233
18
143
1845
18
1189
2101
7
365
555
1281
18
18
1042
2689
1022
1189
2101
18
1050
1242
365
1902
2775
18
402
1189
2101
18
2561
18
365
555
1281
429
533
18
375
1189
2101
231
18
504
2327
2338
365
1022
1107
18
276
2775
1189
2101
1954
18
1161
1209
2645
1352
18
365
555
676
1281
1189
2101
18
2116
2340
798
18
2689
997
18
365
402
1189
2101
33
1902
2775
18
127
1022
923
1679
18
1189
2101
365
555
1042
1281
18
18
1050
1981
1189
2101
2420
18
365
981
231
18
2775
2561
18
1189
2007
2101
1022
1952
18
365
555
1281
1837
25
18
2645
375
402
1189
2101
2907
1672
18
2689
365
18
1189
2101
18
276
1902
2775
702
18
365
555
1281
1022
18
1189
2101
18
475
18
365
1665
2116
1189
2101
490
2124
2910
18
533
990
1042
2322
2775
18
231
1462
365
402
555
1189
1281
2101
18
1050
2327
2338
2123
18
127
1022
1585
2782
18
1189
2101
2689
365
2638
18
2645
1961
2561
65
150
1317
2650
18
1189
1902
2101
2775
18
365
555
1281
1981
18
2681
233
375
1189
2101
18
143
711
798
1022
365
1845
18
997
1887
2191
18
402
1189
2101
2424
18
33
276
2775
7
365
555
1281
1392
18
2158
2285
231
1189
2101
1805
18
1860
18
365
1042
2689
1022
1189
2101
18
18
1050
1242
2116
365
555
1281
1902
2775
18
1189
2101
2645
2171
18
981
512
18
1082
365
402
1189
2101
18
2561
2572
18
127
615
1022
1952
937
2804
1189
2101
18
365
555
1281
2775
1727
18
25
429
533
1266
18
375
1189
2101
231
365
18
1027
2689
2086
1258
18
504
1981
2327
2338
1189
2101
18
365
555
1022
1107
1121
1281
18
276
1902
2775
402
1042
1189
2101
18
1954
18
365
1161
1209
2645
18
1050
1189
2101
1352
1531
18
365
555
676
1281
18
1189
2101
1022
2775
18
2116
2340
18
2910
365
798
1189
2101
2561
18
2689
1675
997
18
231
18
365
402
555
1189
1281
2101
1125
18
33
1902
2775
18
127
1022
375
1189
2101
365
923
1879
18
1585
2782
1679
18
1189
2101
18
2645
365
555
1042
1281
18
150
2056
18
276
1189
2101
2775
18
365
1050
1981
1022
1048
18
2689
402
1189
2101
2420
533
18
233
939
365
555
981
1281
18
143
2296
231
1189
2101
18
528
1845
793
1902
2775
18
1122
2172
2327
2338
365
2561
18
1189
2007
2101
2116
1022
1952
1967
18
7
18
365
555
1281
1837
1189
2101
18
25
18
2645
2309
2775
365
375
402
1189
2101
2907
18
1311
1672
18
1042
2689
18
115
127
627
1022
1189
2101
365
555
1281
18
522
18
1050
1242
1189
2101
231
18
276
365
1902
2775
702
798
1223
18
1189
2101
2132
18
1129
997
365
555
1281
2906
18
1022
18
402
1189
1981
2101
2469
18
2561
365
1659
33
2775
18
1189
2101
475
1559
18
2645
2689
2092
18
365
555
1281
1665
2116
1189
2101
18
490
2124
2910
1022
18
429
533
990
2064
963
365
1042
18
375
1189
2101
1902
2322
2775
18
231
1462
18
365
402
555
1189
1281
1900
2101
18
504
1050
2327
2338
18
2123
1189
2101
18
127
365
1022
1107
18
276
2775
981
1585
1614
2782
18
1189
2101
2689
365
555
1281
2638
18
1954
18
1161
1209
1497
2645
1189
2101
1961
2561
18
65
150
208
365
1317
2650
18
1352
891
1022
1952
402
1189
1902
2101
2775
18
18
365
555
676
1281
1981
231
18
1189
2101
1042
25
18
2116
2681
233
302
365
18
2340
375
1189
2101
2817
18
143
711
798
2775
1022
1792
18
1050
2689
365
555
1281
1845
1189
2101
18
997
18
1887
2191
1368
2988
18
365
402
1189
2101
2235
2424
18
2645
1677
18
33
276
1902
2775
533
1189
2101
7
365
555
1281
1392
18
127
1022
2311
18
923
2158
2285
2561
231
520
1189
2101
18
1679
262
365
1805
18
1860
55
18
1189
2101
2327
2338
679
2775
18
365
555
1042
1281
2689
18
402
1022
1189
2101
4
1034
18
91
365
18
375
1189
2101
18
1050
1242
1981
2116
2751
18
365
555
1281
1383
1902
2775
2910
18
1189
2101
2420
2645
2171
18
1542
1022
18
365
981
1187
1189
2101
18
231
512
18
1082
1732
365
402
555
1189
1281
2101
18
276
885
2689
2775
18
2561
1197
1763
18
1189
2007
2101
365
2572
18
127
615
909
1022
1952
937
1042
1355
2804
18
798
1189
2101
1585
2782
18
365
555
1281
1385
1837
2074
1102
1902
2775
18
1264
1727
2307
997
1189
2101
18
25
193
365
429
533
18
1050
2645
1266
18
375
402
1189
2101
2907
1022
2009
2065
150
480
18
1672
231
365
555
951
1281
18
980
1027
2116
2689
33
1189
2101
2775
2086
18
1258
18
252
365
504
1981
2327
2338
1189
2101
18
76
18
2358
365
555
1022
1107
1121
1281
18
1189
2101
233
2561
18
276
1902
2775
18
143
702
365
402
1042
1189
2101
18
1845
1954
18
617
1189
2101
18
365
555
1161
1209
1281
2645
18
127
1022
2689
231
2775
18
1050
1189
2101
365
1352
18
1531
18
375
1189
2101
2576
18
7
365
555
676
1281
18
475
402
981
1189
2101
18
1022
1902
2775
18
365
1665
2116
332
2909
18
1189
2101
2340
18
490
896
2124
2910
365
555
798
1281
18
533
990
1189
1191
2101
2561
18
1042
1981
2689
2920
1675
18
276
2322
2645
2775
365
997
1022
1189
1952
2101
18
231
1462
1946
18
18
365
402
555
1189
1281
2101
1125
18
1050
1242
2288
2327
2338
2472
2761
1622
2365
18
25
1189
2101
33
69
365
1902
2775
18
2123
2283
18
127
744
1022
1411
382
375
1189
2101
18
365
555
923
1281
1879
2423
18
1585
2782
1679
1987
18
1189
2101
2689
18
365
2638
2775
18
402
794
1189
2101
18
2116
2645
231
1022
365
555
1042
1281
2090
2443
18
1072
1961
2561
1189
2101
18
65
150
1317
2056
2650
412
18
2921
365
2903
18
276
1189
1902
2101
2660
2775
2494
2057
18
18
365
555
1050
1281
1981
1189
2101
1022
1048
18
18
2689
365
402
1189
2101
2420
18
2681
429
533
976
2775
2946
18
233
939
18
194
375
1189
2101
365
555
981
1281
491
18
143
711
798
2296
231
18
127
1022
2645
1189
1461
2101
18
365
528
1845
640
1023
18
997
2958
793
1042
1902
2601
2775
1189
2101
18
504
1122
2172
2327
2338
365
555
1281
2561
18
1887
2191
1558
18
402
1189
2007
2101
2116
18
228
2424
2689
365
1022
1107
1952
1967
18
1189
2101
2910
18
33
276
1050
2775
2999
7
18
365
555
1281
1392
1837
2607
1189
2101
18
958
2324
18
2158
2285
1954
25
365
18
231
1189
2101
2257
2629
1022
18
1161
1198
1209
1805
1981
2542
2645
147
1757
1902
2309
2775
18
1860
365
375
402
555
1189
1281
2101
2907
1528
18
1311
1338
1672
18
825
1287
1352
667
1189
2101
18
365
1042
2689
468
18
18
115
127
627
1022
1189
2101
47
2561
2775
365
555
676
1281
18
533
18
522
609
296
1189
1585
2101
2782
18
365
18
1050
1242
2116
402
1189
2101
2553
18
231
2340
18
276
365
535
555
922
1281
1902
2775
1022
18
1087
1189
1373
2101
2645
702
798
1223
2519
18
2171
365
18
2327
2338
2689
150
1189
2101
2132
18
981
1129
2950
997
18
277
325
365
555
1281
2906
375
1189
2101
2775
18
512
1022
1042
2177
2754
18
1082
18
365
402
1189
1981
2101
18
2469
18
649
2561
1189
2101
365
555
1281
1659
18
2649
33
1902
2775
231
18
2572
233
1189
2101
18
127
615
1022
1050
1952
365
475
1559
18
937
2645
2689
2804
923
18
143
1189
2101
2092
18
365
555
1074
1281
1665
2116
2502
1679
18
276
2775
402
1189
1845
2101
2821
18
1616
1727
2352
365
490
2124
2910
18
25
826
1022
2617
1189
2101
18
429
533
990
1536
2064
1238
963
18
1266
365
555
1042
1281
18
375
1189
2101
1902
2322
2775
18
1886
18
231
365
1462
1189
2101
1917
2255
2598
18
1027
2689
1022
2332
2561
18
2086
7
365
402
555
1189
1281
1900
2101
18
1258
2645
1619
1407
1875
18
504
1050
1298
1981
2327
2338
2775
798
18
448
1189
2101
365
18
2123
18
1189
2101
2420
2213
18
127
365
555
1022
1107
1121
1281
604
997
18
2927
1189
2101
18
276
1779
1902
2058
2116
2775
365
981
1585
1614
2782
18
1255
1867
2729
18
402
1042
1189
2101
2689
231
515
18
365
555
575
1281
2638
18
1954
375
1022
1189
1367
2101
18
33
283
2775
18
365
1161
1209
1497
2645
1189
2101
18
1961
2561
18
2823
65
150
208
365
555
1281
1317
2650
18
1050
1189
1242
2007
2101
2145
18
1352
533
2850
891
1022
1952
18
1353
1531
365
402
1189
1902
2101
2775
18
2484
1511
2444
18
2689
1189
2101
18
365
555
676
1281
1837
1981
159
231
18
1185
18
1189
2101
365
1042
18
127
276
1022
1611
2775
25
1502
2687
18
2116
2681
1189
2101
18
2327
2338
2645
233
302
365
555
1281
2934
18
2106
2340
2549
375
402
1189
2101
2817
2907
18
2910
1850
1963
18
143
365
711
798
998
1343
1672
1902
2775
18
1189
2101
2561
1022
1792
18
1050
2689
2734
365
555
1281
1339
1845
18
1675
1189
2101
18
997
2220
2442
18
231
22
365
2796
1189
2101
18
2775
2887
775
1887
2191
18
1368
2988
1022
18
365
402
555
1189
1281
2101
74
2235
18
1125
981
1042
2424
18
2645
1189
1374
2101
365
1113
1677
18
246
18
33
276
1146
1902
1981
2775
190
429
533
1189
2101
18
2689
7
365
555
1281
1392
702
18
127
1022
2116
2311
1369
18
375
1189
2101
1310
18
365
923
1879
2158
2285
2708
2561
18
1050
1585
2782
231
402
520
1189
2101
2161
2775
2949
18
1679
525
262
365
555
1281
1805
18
502
1189
2101
18
1860
1022
1952
55
2735
18
365
578
18
504
1189
2101
2327
2338
679
18
2645
1902
2775
18
365
555
1042
1281
2689
672
1189
2101
2165
2284
18
18
150
2056
365
402
1022
1107
1189
2101
18
4
798
1034
25
1380
2980
18
1604
475
18
276
1189
2101
2775
91
365
555
1281
2404
231
18
1210
18
375
1189
2101
997
18
365
1050
1136
1242
1665
1981
2116
2884
2561
18
127
1022
1048
2445
2751
1189
1954
2101
18
365
555
1281
1383
1902
2775
18
2402
2689
490
2124
2910
2666
18
402
780
1161
1189
1209
2101
2420
2645
18
533
990
365
2171
18
233
517
939
1534
2147
315
1189
2101
2555
1042
1542
18
1022
1135
18
365
555
981
1281
33
2322
2775
1187
1189
1352
2101
18
143
2296
18
231
1462
2528
73
365
512
18
1189
2101
2353
1554
18
528
1082
1845
1732
2728
18
365
402
555
676
1189
1281
2101
1022
18
276
793
885
1902
2689
2775
18
1050
1122
2172
2327
2338
375
1189
2101
18
365
2561
1197
18
918
2645
1763
18
1189
2007
2101
2116
2123
365
555
1281
2572
18
294
1089
2775
18
127
615
909
1022
1952
1967
1981
1189
2101
2340
18
151
365
937
1042
1355
2804
18
253
231
2193
402
798
1189
1956
2101
2845
18
465
2530
657
675
1585
2782
7
18
365
555
898
1281
1385
1837
2074
18
1189
2101
2689
1061
1102
1902
2775
18
211
1022
365
1264
1727
2307
2638
18
997
1021
1189
2101
18
25
18
193
365
429
533
555
1281
1189
2101
18
1050
2645
1266
18
276
1452
1935
2309
2775
1961
2287
2561
18
365
375
402
591
1189
2101
2907
1022
2009
2065
18
2678
65
150
480
1317
2518
2650
18
1311
1672
1189
2101
231
365
555
951
1281
18
18
980
1027
1042
2116
2689
1933
33
1189
1902
2101
2775
18
365
2086
18
981
1258
1514
18
115
127
627
1022
1189
2101
2910
18
252
365
504
555
1281
1981
2327
2338
18
402
923
1189
2101
18
76
522
2775
365
18
2645
1189
1679
2101
18
541
2358
18
1050
1242
2681
365
555
1022
1107
1121
1281
18
282
1189
2101
2602
2596
233
18
231
2689
2561
18
276
365
1902
1948
2775
375
1189
2101
18
2409
18
143
280
702
711
798
1223
365
402
555
1042
1189
1281
2101
18
336
1022
1952
18
18
1189
2101
2132
365
1845
1954
184
533
2775
18
1129
1478
2116
451
18
997
617
1189
2101
18
365
555
1161
1209
1281
2645
2906
2663
18
32
1115
251
1189
2101
18
127
1022
2194
2689
1887
2191
365
18
231
1139
1902
2775
18
402
1050
1189
1981
2101
2693
25
2654
18
1498
365
555
1281
1352
1585
2424
2782
18
2469
2686
295
1189
2101
1482
1531
18
2561
18
19
365
1659
1022
1109
375
1189
2101
2420
18
33
276
2327
2338
2775
1042
2576
18
988
7
365
555
676
1281
1392
18
749
1189
2101
2407
1325
18
475
1559
2314
1555
18
2645
2689
365
402
981
1189
2101
18
2158
2285
37
1022
1902
2775
18
2092
182
231
1189
2101
18
365
555
1281
1665
2116
150
332
18
1805
2909
18
1189
2101
2648
365
2340
18
1050
1860
18
490
896
2124
2910
1189
2101
2775
18
127
1022
365
555
798
1281
18
429
533
990
2064
2210
2547
402
1189
1191
2101
2561
18
963
18
365
1042
1966
1981
2593
2689
2920
18
375
1189
2007
2101
2503
784
1675
18
276
1902
2322
2645
2775
1519
365
555
914
997
1281
18
2908
1022
1189
1952
2101
18
231
1462
2431
18
365
1946
1189
2101
18
86
18
2196
233
2775
18
365
402
555
1189
1281
1837
1900
2101
18
634
1125
1022
18
504
1050
1242
1998
2116
2288
2327
2338
1189
2101
365
1843
2472
2761
18
143
2689
1622
2365
18
25
1189
2101
2279
18
33
69
365
555
1281
1902
2775
18
2123
2561
1042
1845
18
1189
2101
2645
2283
18
127
365
744
1022
1107
1411
1828
231
382
2171
18
375
402
1189
2101
2907
18
365
555
923
1281
1879
18
276
2775
2423
1189
1672
2101
18
981
1585
1614
1981
2782
2099
830
18
2262
365
1679
1987
18
1189
2101
2689
533
1022
421
1133
18
98
512
18
365
555
1281
2638
1189
2101
798
1902
2775
18
1050
1082
1954
18
365
402
794
1189
2101
18
18
1161
1209
1497
2116
2645
231
1022
18
1189
2101
2536
7
365
555
1042
1281
2090
2443
2597
237
18
1072
1961
2561
997
2775
18
1189
2101
2967
18
65
150
208
365
1317
2056
2650
2910
412
18
2689
1649
2572
375
1189
2101
18
1352
2921
365
555
1281
2903
18
127
615
891
1022
1952
2327
2338
18
276
402
1189
1902
2101
2305
2660
2775
2460
937
2494
2804
18
365
2057
559
18
702
1189
1200
2101
1927
18
18
365
555
676
1050
1281
1981
862
1189
1865
2101
18
231
248
1112
1825
2645
2995
1022
1048
33
2775
18
2606
365
18
1189
2101
1727
18
1028
1042
2689
18
25
365
402
555
1189
1281
2101
2420
2561
18
926
2116
2681
429
533
18
976
1902
2775
2946
1022
1189
2101
18
233
302
365
939
85
1266
18
2340
18
194
375
941
1189
2101
2817
365
555
981
1281
18
491
18
143
711
798
2296
1189
2101
18
276
2775
231
365
2753
18
127
1022
1792
2645
402
1189
1461
2101
18
1027
1050
1242
2689
1286
18
365
528
555
1281
1845
640
1023
2086
18
1189
2101
579
456
18
997
2088
2958
1258
1585
2782
365
793
1042
1902
2601
2775
18
475
1189
2101
18
504
1122
1981
2172
2327
2338
2609
1022
18
118
389
365
555
1281
2561
1189
2101
18
1887
2191
2721
1558
18
1368
2988
2467
18
365
402
1189
1665
2007
2101
2116
2775
18
2235
1671
231
18
228
2424
2689
375
1189
2101
365
555
1022
1107
1121
1281
1952
1967
18
2645
1568
18
1677
490
1189
2101
2124
2619
2910
18
365
2173
18
33
276
1050
1902
2775
2999
123
18
533
860
990
1189
2101
150
844
7
18
365
555
1281
1392
1837
2607
18
127
1022
2311
402
1042
1189
2101
18
700
958
365
2369
18
200
2324
1189
2101
2322
2775
18
923
2158
2285
1350
1954
18
2561
2689
2948
25
365
555
1281
1518
18
231
520
1189
1462
2101
2257
2629
18
1679
452
798
1022
18
262
365
1161
1198
1209
1805
1981
2542
2645
1189
2101
18
147
394
981
1757
1902
2309
2775
107
136
2902
18
1860
2116
2120
70
365
375
402
555
1189
1281
2101
2907
18
55
1528
18
18
1050
1189
2101
2327
2338
365
1311
1338
1672
997
1022
18
532
679
2763
825
1287
1352
18
276
2775
667
1189
2101
2441
18
365
555
1042
1281
2689
1531
233
468
18
2600
1189
2101
2123
18
231
365
18
18
115
127
384
402
627
1022
1189
2101
47
1447
1902
2561
2775
4
18
143
1034
2645
365
555
676
1281
18
1189
2101
791
18
429
533
18
91
365
522
609
296
1189
1585
1656
2101
2782
18
1845
18
33
1022
1952
2775
365
555
1281
18
375
1189
2101
2689
18
1050
1242
1981
2116
18
1769
365
402
707
1189
2101
2553
2638
1772
18
2751
213
231
1042
18
2340
1189
2101
18
276
365
535
555
922
1148
1281
1383
1902
2775
259
755
1022
18
2910
568
18
1087
1189
1373
2101
2420
2645
365
702
798
1223
18
2519
18
2171
1189
1961
2101
2561
18
365
555
1281
25
454
1936
2775
18
504
1088
1542
2327
2338
2689
65
150
402
1189
1317
2101
2132
2650
18
127
1022
1675
18
365
981
1129
2950
18
1187
1189
2101
997
18
277
7
325
365
555
1219
1281
2906
18
231
632
1050
375
1189
1282
1902
2101
2775
18
512
2356
18
365
1022
1042
1107
2177
2754
1189
2101
2896
18
1082
2116
18
1732
2645
533
18
365
402
555
1189
1281
1981
2101
18
276
885
2689
2775
524
1125
18
1552
1189
2101
365
2469
18
1864
1493
1022
18
649
2561
1189
2101
18
1197
365
555
1281
1465
1659
18
654
1763
2591
2649
1060
33
1902
2775
18
1189
2007
2101
2681
231
2066
18
365
2572
1954
2
18
1261
233
402
1189
2101
18
127
615
909
1022
1050
1952
365
475
555
1281
1559
2984
18
375
1189
2101
18
937
1042
1161
1209
1355
2645
2689
2804
2775
18
365
923
1879
18
143
711
798
1189
2101
523
2092
18
1585
2327
2338
2782
18
365
555
1074
1281
1385
1665
1837
2074
2116
2502
1022
1189
1631
2101
1679
18
18
276
1102
1902
2775
365
402
1189
1845
2101
18
1352
2821
231
2561
18
1264
1616
1727
1981
2307
2352
2490
18
997
1189
1930
2101
365
490
555
1281
2124
2910
18
25
826
981
1022
2617
18
1713
2689
1189
2101
1289
2775
18
193
365
429
533
990
1536
2064
1238
1315
18
126
1050
1242
2645
963
1773
1189
1887
2101
2191
18
273
1266
365
555
676
1042
1281
18
1771
2151
18
375
402
1189
2101
2907
18
127
1022
1582
2009
2065
365
1902
2322
2775
18
150
480
2056
2713
1189
2101
2424
18
1672
1886
18
231
365
555
951
1281
1462
1189
2101
18
1601
1917
2255
2598
18
980
1027
1594
2116
2689
365
18
33
276
1189
2101
2775
1022
2332
2561
18
2086
2812
18
7
365
402
555
1189
1281
1392
1900
2101
961
2340
18
1258
2645
1619
18
1407
1875
1189
2101
18
252
365
504
1050
1298
1981
2327
2338
2945
886
1902
2775
18
798
1042
1022
1048
1326
1952
18
448
1189
2101
2158
2285
957
365
555
1281
18
76
737
18
231
375
1189
2101
18
1084
2689
365
2123
18
2775
402
1189
1805
2101
2420
18
2358
2213
18
127
365
555
1022
1107
1121
1281
533
604
997
18
1189
1860
2101
1415
18
233
939
2927
1698
365
18
2185
2561
2645
1189
1960
2101
18
276
1779
1902
2058
2116
2190
2775
821
18
365
555
981
1281
1585
1614
2782
940
1189
2101
18
25
1022
18
143
702
1050
2296
1255
1867
2729
18
365
402
1042
1189
2101
2689
231
18
515
2775
2910
18
1189
2101
365
555
575
1281
2638
18
977
18
528
1845
1954
1981
1231
375
1022
1189
1367
2101
18
365
18
18
617
1189
2101
33
283
793
1077
1902
2775
2216
18
365
555
1161
1209
1281
1497
2645
67
18
1122
2172
2327
2338
2674
402
1189
2101
18
365
1961
2561
18
127
1022
2689
1189
2101
18
2529
798
2823
18
231
276
2375
2775
65
150
208
365
555
1281
1317
1428
2650
18
1050
1189
1242
2007
2101
2116
2145
923
1042
1819
18
979
18
365
605
1352
1189
2101
429
533
2850
18
891
1022
1952
1967
18
1353
1531
1679
365
402
555
1189
1281
1902
2101
2775
18
18
2484
997
1479
18
375
1189
2101
2645
365
1511
2444
2415
18
2576
2689
2114
18
419
1905
1189
1370
2101
2171
2508
1022
7
18
365
555
676
1281
1837
1981
746
2775
969
18
1192
2282
159
231
1189
2101
18
475
2561
365
18
1185
18
402
981
1189
2101
18
1050
365
555
1042
1281
18
127
276
1022
1611
1902
2743
2775
1189
2101
25
18
1898
1502
2687
18
365
1665
2116
2681
512
1189
2101
18
332
2689
1634
18
504
2214
2327
2338
2645
2909
233
302
365
555
1281
18
1082
1189
1721
2101
2934
33
1585
2309
2775
2782
18
2103
2106
2340
1022
2549
18
365
375
402
1189
2101
2817
2907
231
18
490
896
999
2124
2910
1506
18
1850
1963
1189
2101
18
143
365
555
711
798
1281
998
1311
1343
1672
18
533
990
1068
1902
2775
18
1189
1191
1810
2101
2561
718
1968
365
1022
1107
1792
1876
18
1844
18
1042
1050
1981
2689
2920
1189
2101
2734
18
365
555
1281
1339
1845
18
1675
402
1189
2101
2572
18
276
2322
2645
2775
463
2227
18
365
997
2220
2442
18
115
127
615
627
1022
1189
1952
2101
18
231
1462
2116
814
22
365
555
1281
2796
18
937
1189
2101
2420
2804
18
1946
1401
150
1902
2775
2887
2892
18
365
775
1887
2191
375
1189
2101
18
522
1508
1368
2988
18
2689
1022
1954
18
365
402
555
1189
1281
2101
577
74
18
1333
2235
2561
18
1125
1189
2101
2775
134
365
981
1042
1718
2424
18
1050
1242
2288
2327
2338
18
1161
1209
2472
2645
2761
1189
1374
1727
2101
2975
18
1622
2365
365
555
1113
1281
1677
1022
18
1980
231
2348
246
18
25
1189
2101
18
33
69
276
365
1146
1902
1981
2665
2775
18
2123
190
402
429
533
1189
2101
18
2689
7
365
555
1281
1392
18
2283
702
798
1223
1189
1266
2101
18
127
744
1022
1411
2116
2311
407
1352
1934
18
382
365
1369
2775
18
375
1189
2101
1310
1647
18
1873
18
365
555
923
1281
1879
2158
2285
2708
2793
1189
1359
2101
2132
2134
18
2423
2645
1042
2561
18
1050
1129
1193
1585
2782
8
1022
2306
2910
231
365
402
520
1189
2101
2161
2989
18
233
561
1902
2775
2949
997
18
1679
1987
2301
525
18
1027
1189
1676
2007
2101
2689
262
365
555
676
1281
1805
2571
2906
18
502
2772
2900
1354
18
630
1189
2086
2101
18
365
1860
2638
1022
1952
18
143
276
2775
55
2735
1189
1258
2101
18
365
555
578
1281
18
18
402
504
794
1189
1981
2101
2327
2338
972
18
365
679
12
18
2116
2645
375
1189
2101
1845
1902
2775
18
127
231
1022
2469
278
18
365
555
1042
1281
1837
2090
2443
2689
672
1189
2101
2165
2284
18
1050
1072
1961
2561
981
533
18
2340
365
1659
18
1189
2101
1413
18
65
150
1317
2056
2650
33
2775
18
412
365
402
555
797
1022
1107
1121
1189
1281
2101
2541
18
4
798
1034
1058
18
2921
25
1380
2980
1189
2101
18
365
2363
2903
1456
2360
1604
18
1836
475
1559
18
103
276
1189
1902
2101
2660
2775
91
365
555
1281
2404
2626
18
2494
2645
2689
231
1022
18
1210
1788
2057
970
1189
2101
18
365
18
2092
375
402
1042
1189
2101
2907
18
732
997
2775
18
365
555
1050
1136
1242
1281
1665
1981
2116
2298
2884
2561
18
1189
2101
1929
18
127
1022
1048
1062
2445
1672
365
2751
2982
18
1189
1954
2101
18
2335
18
2327
2338
7
365
555
1281
1383
1902
2166
2775
1189
2101
18
2402
2689
490
2124
2910
18
717
1272
2666
231
1382
18
365
402
780
1161
1189
1209
2101
2420
2645
1022
1043
1585
1952
2782
18
355
2681
18
429
533
990
2064
1189
2101
365
555
1281
2171
18
276
976
2775
2946
963
18
144
233
517
939
1534
2147
315
1189
1195
2101
2555
18
365
1042
1542
18
1022
1135
18
194
375
1050
1189
2101
1032
18
365
555
981
1281
2561
33
1902
2322
2775
18
163
491
2689
402
1187
1189
1352
2101
18
143
711
798
2116
2296
365
2826
18
1189
1531
1885
2101
18
231
1462
1981
2528
1144
73
18
127
1022
2645
365
512
555
1281
18
1189
1461
2101
2775
2353
18
1851
1554
25
18
365
528
1082
1845
1189
2101
2347
18
640
1023
923
1732
2728
18
365
402
555
676
1189
1281
1900
2101
18
997
2958
150
1022
2610
18
276
793
885
1042
1902
2413
2601
2689
2775
18
1189
2101
365
1679
18
504
1050
1122
2172
2327
2338
18
375
1189
2101
702
18
365
555
1281
2561
231
2143
585
18
1887
2191
34
1197
1022
1189
2101
2775
18
263
918
1558
2645
533
365
1763
18
2783
1443
18
402
1189
2007
2101
2116
2123
2583
18
365
555
1281
2572
18
1189
2101
294
18
228
2424
2689
1089
1902
2775
2839
18
127
365
615
909
1022
1107
1952
1967
1981
1189
2101
2340
18
18
2684
151
365
555
937
1042
1281
1355
2804
18
1189
2101
2910
432
2464
308
18
253
683
704
231
2193
18
33
87
276
1050
1242
2775
2999
365
402
798
1189
1956
2101
2845
18
465
2530
1022
657
675
981
1585
1614
2782
18
2645
375
600
1189
2101
2561
7
18
365
555
898
1281
1385
1392
1837
2074
2607
18
1993
18
1189
2101
2689
905
365
1061
1102
1902
2179
2775
18
958
18
2268
1189
1675
2101
211
233
1022
18
1030
2324
365
555
1264
1281
1727
2307
2638
1994
18
2116
2158
2285
402
997
1021
1189
2101
2932
18
1954
2327
2338
18
25
365
2775
2785
543
18
231
1189
2101
2257
1042
18
2629
193
365
429
533
555
1281
2888
18
127
143
1022
2828
1189
2101
2470
18
1050
1161
1198
1209
1497
1805
1981
2542
2645
18
608
2689
365
1266
1189
2101
18
147
276
1452
1757
1902
1935
2309
2775
505
18
1327
1860
1961
2287
2561
2589
18
365
375
402
555
591
1189
1281
2101
2907
475
2275
18
1528
1022
1101
1845
2009
2065
18
2678
1125
1189
2101
65
150
208
365
480
1317
2518
2650
18
2775
18
1311
1338
1672
1189
2101
2420
18
231
365
555
951
1281
836
18
825
1287
1352
1774
18
667
1189
2101
2889
891
1022
1952
18
365
980
1027
1042
1665
2116
2689
798
1933
18
468
621
2645
33
402
1189
1902
2101
2775
2808
461
18
365
555
1281
2086
18
1050
1189
2101
18
18
365
981
1258
1514
2682
18
115
127
627
1022
1189
2101
1871
2131
18
47
276
2561
2775
490
2124
2910
18
252
365
504
555
676
1281
1981
2327
2338
375
1189
2101
18
231
18
997
365
402
923
1189
1879
2101
2899
18
533
990
2689
2842
18
76
522
609
2417
2499
1022
897
1902
2775
18
296
1189
1585
2101
2782
365
555
1281
121
18
2645
1042
18
542
1189
1679
2101
2280
18
365
1488
25
541
760
18
2358
1189
1940
2101
18
1050
1242
2006
2116
2681
2322
2775
7
365
555
1022
1107
1121
1281
18
530
18
282
402
1189
2101
2553
2602
2596
18
233
302
365
1849
18
231
1462
2689
1189
2101
2561
18
2113
2340
18
276
365
535
555
922
1281
1902
1948
2775
2912
375
942
1189
1978
2101
2817
18
127
1022
18
365
18
1087
1189
1236
1373
1404
2007
2101
2645
2409
18
143
280
702
711
798
1223
1981
2981
18
2519
365
402
555
1042
1189
1281
2101
33
2775
18
2171
18
336
1022
1792
1952
1189
2101
18
365
18
1050
2327
2338
2670
2689
840
2712
18
150
1189
2056
2101
2132
231
365
555
1281
1845
1954
18
184
429
533
661
1902
2775
2840
18
981
1129
1478
2116
2950
1189
2101
18
365
451
1022
1155
18
997
2561
402
617
1189
2101
18
277
2396
18
325
365
555
1161
1209
1281
1837
2645
2906
2123
2663
18
276
375
1189
2101
2775
2068
2871
18
32
512
1066
365
1115
18
705
1269
1513
251
1189
1464
2101
2910
18
127
1022
1042
2177
2194
2689
2754
1887
2191
18
1082
365
555
1281
2677
1189
2101
18
343
1368
2988
231
1139
1902
2775
18
18
365
402
1050
1189
1981
2101
2693
25
2654
18
2235
18
1498
254
1022
1048
1189
2101
365
555
1281
1352
18
1585
2424
2782
2195
18
43
2469
2686
2775
295
1189
2101
18
2645
365
1482
1531
952
1227
18
649
2116
2561
1677
18
1189
2101
2329
2689
798
1729
18
19
365
555
1281
1659
827
2156
1022
1109
18
2139
2649
375
402
1189
2101
2420
2907
18
33
276
504
1902
2327
2338
2775
365
1042
2576
2638
18
231
533
1189
2101
18
988
2572
931
18
7
171
365
555
676
1281
1392
1672
18
233
749
939
1189
2101
2407
531
1325
18
127
615
1022
1050
1242
1952
2311
2488
2775
18
365
475
1559
2314
1189
2101
1555
18
997
18
937
2645
2689
2804
365
367
402
555
981
1189
1281
2101
18
162
18
923
1981
2158
2285
18
143
1189
2101
2296
37
365
1022
1107
1902
2775
1961
2561
18
2092
182
18
231
520
1189
2101
18
365
555
1074
1281
1665
2116
2502
224
18
1679
2501
65
150
332
1042
1317
2650
375
1189
2101
18
262
365
1805
2909
18
276
1800
2459
2775
1022
18
402
528
1189
1845
2101
2648
18
2689
2821
365
555
1281
2340
18
1050
1397
1616
1727
1860
1189
1301
2101
18
2352
2645
1547
55
1386
18
365
490
896
2124
2271
2910
793
1189
1902
2101
2775
18
25
1855
18
127
826
1022
2617
906
365
555
798
1281
18
1122
1189
2101
2172
2327
2338
231
18
429
533
990
1536
2064
2210
679
2547
18
427
1238
365
402
1189
1191
2101
2561
18
963
33
1954
2775
18
1266
1118
1189
2101
18
365
555
637
1042
1281
1966
1981
2593
2689
2920
1022
18
1078
1420
1585
2782
18
375
1189
2007
2101
2116
2503
2543
365
784
1675
18
18
276
1161
1209
1902
2322
2645
2775
1189
2101
1519
2486
18
1050
365
555
914
997
1281
1922
18
2908
402
1022
1189
1952
1967
2101
18
1886
18
231
365
1462
4
702
1034
18
1189
2101
2939
981
2431
2775
18
928
1917
2255
2598
365
555
1281
1946
18
1027
2681
2689
878
1189
2101
2422
2452
18
86
2766
1742
18
127
1022
2332
2561
91
365
1189
2101
18
2086
2196
233
1042
18
1352
1902
2775
7
18
365
402
555
1189
1281
1837
1900
2101
24
18
1258
2645
2694
18
634
805
1619
375
1189
2101
365
1125
18
1407
1563
1875
1022
2364
18
504
1050
1242
1298
1981
1998
2116
2288
2327
2338
231
533
1189
2101
18
276
2775
365
555
1281
1843
2472
2761
18
143
711
798
2689
1637
2048
2551
1622
2365
18
249
448
1189
2101
2164
674
2751
18
365
150
18
25
402
1189
2101
2279
1022
18
33
69
365
555
676
1281
1383
1902
2775
18
1395
1189
2101
2206
18
2123
2910
2561
18
365
1042
1845
18
1189
1859
2101
2420
2645
1972
2283
2881
18
2213
18
127
365
555
744
1022
1107
1121
1281
1411
1828
828
1189
2101
2309
2775
231
18
604
997
2221
2689
382
2171
2321
18
1388
365
375
402
1189
2101
2907
18
1050
1291
2927
2673
2897
18
1872
1542
18
39
1189
2101
365
555
923
1281
1879
1562
18
276
1779
1902
2058
2116
2775
1022
1952
2423
18
872
1189
1311
1672
2101
18
365
981
1585
1614
1981
2782
1887
2191
2099
2344
18
830
1187
1189
2101
18
2262
1065
2211
365
404
555
832
1281
1679
1987
18
1255
1867
2645
2729
1056
2340
2775
18
402
1042
1189
2101
2689
16
2561
2668
2986
429
533
1022
18
231
2327
2338
365
421
1133
1207
18
98
515
603
739
1189
2101
512
18
475
2424
18
365
555
575
1281
2638
1189
2101
18
798
1902
2775
2935
18
1050
1082
1954
365
18
115
127
375
627
1022
1189
1367
2043
2101
1921
1732
18
18
365
402
555
794
1189
1281
2101
18
1838
2637
18
33
276
283
885
2689
2775
233
1189
2101
18
365
1161
1209
1497
1665
2116
2645
18
2310
231
587
1022
25
18
522
1189
2101
2536
2777
7
365
555
1042
1281
1392
2090
2443
2597
18
2545
237
18
1072
1961
1981
2561
1189
1995
2101
29
997
1902
2775
18
1551
365
2212
1197
18
1840
2263
402
1189
2101
18
143
2515
2823
1763
2368
2967
1022
18
65
150
208
365
555
1281
1317
2056
2650
1361
490
2124
2910
18
1050
1189
1242
2007
2101
2145
204
412
18
2158
2285
2689
2775
365
1484
1649
2572
18
375
1189
2101
2463
18
1352
2921
18
533
990
2645
2850
365
555
833
1281
1652
2903
59
231
1189
2101
18
127
504
615
891
909
1022
1952
2327
2338
981
1845
18
1353
1531
18
276
365
402
633
1189
1902
2101
2305
2660
2775
2460
18
937
1042
1355
1805
2494
2804
18
2116
2484
1189
2101
365
555
1281
2057
18
559
2561
18
1511
2444
1022
702
798
1189
1200
1223
2101
18
1860
2689
365
747
1927
2322
2775
18
2208
1585
2782
18
1189
2101
18
365
555
676
1050
1281
1385
1837
1981
2074
862
18
402
1150
1189
1865
2101
18
159
231
248
1112
1462
1825
2497
2645
2995
365
1022
1048
1107
18
2727
33
1102
1902
2775
375
1189
2101
2132
18
2720
2606
18
1185
2240
365
555
1281
18
1129
1189
2101
2846
1264
1727
2307
18
18
365
1028
1042
2689
997
1189
2101
18
127
276
1022
1611
2775
18
25
365
402
555
1189
1281
2101
2420
2906
18
1502
2687
2561
18
926
2116
2681
495
18
1189
2101
193
365
429
533
18
231
923
976
1902
2775
2946
18
1050
2327
2338
2645
1022
1189
2101
18
233
302
365
555
939
1281
2115
85
1266
18
2934
1189
2101
2819
18
2106
2340
2758
365
18
2549
2689
18
194
375
402
941
1189
1597
1974
1981
2101
2817
2907
1679
2775
18
539
2910
7
365
555
981
1281
1022
1952
1954
2009
2065
18
2711
1189
2101
491
1042
18
1850
1963
150
480
2556
2123
18
143
365
711
798
1627
2296
1189
2101
2469
18
998
1343
1672
1688
18
276
1902
2775
231
365
555
951
1281
18
1189
2101
2561
2753
18
127
1022
1161
1209
1792
2645
2079
18
89
365
402
1189
1461
1659
2101
2354
120
2021
13
18
980
1027
1050
1242
2116
2689
1286
18
2734
33
1189
2101
2775
18
365
528
555
1281
1339
1845
2059
18
1675
640
1023
2086
18
1189
2101
1022
1572
365
579
18
456
18
997
2088
2220
2442
2958
375
1189
2101
1258
1585
2782
18
365
555
793
1042
1281
1421
1902
2601
2775
533
18
2612
250
402
475
1189
1559
2101
18
231
18
22
252
365
431
504
1122
1962
1981
2172
2327
2338
2609
2796
1022
1352
18
1189
2101
2645
2689
18
118
389
25
365
555
1281
2561
18
276
2775
2887
1189
2101
18
775
1887
2191
2721
2171
18
76
1050
365
1558
2638
1189
2092
2101
18
1368
2988
2467
18
127
1022
18
365
402
555
1189
1281
1665
2007
2101
2116
1902
2775
18
74
18
2235
1189
2101
365
1671
18
1125
231
798
2358
18
228
981
1042
2424
2689
375
1189
2101
18
365
555
676
1022
1107
1121
1281
1952
1967
18
2645
2775
1568
18
1189
1374
2101
18
365
1113
1677
233
18
402
490
1189
2101
2124
2619
2910
18
246
1961
2561
365
555
1281
2173
18
512
1022
1189
2101
18
33
276
1050
1146
1902
1981
2775
2999
123
18
365
18
190
429
533
860
990
1189
2064
2101
65
150
844
1317
2650
18
1082
2689
231
997
7
18
365
555
1281
1392
1837
2607
963
1189
2101
18
143
702
2327
2338
2775
18
127
1022
2116
2311
365
402
1042
1189
2101
18
2645
18
700
958
1369
18
375
1189
2101
365
555
1281
2369
18
200
1310
2324
18
1189
1902
2101
2322
2420
2775
18
365
923
1879
2158
2285
2708
1022
2340
1350
18
1845
1954
1189
2101
18
2561
2689
2948
25
365
555
1281
18
1050
1242
1585
2782
1518
18
231
402
520
1189
1462
2101
2161
2257
18
276
2775
2949
365
2629
18
1679
617
1189
2101
452
798
1022
18
525
18
262
365
555
1161
1198
1209
1281
1805
1981
2542
2645
1189
2101
18
502
1042
2572
18
147
365
394
981
1757
1902
2309
2775
18
1189
2101
107
136
2902
18
1860
2116
2120
18
127
615
1022
1952
2689
70
365
375
402
555
1189
1281
1900
2101
2907
18
55
2735
533
1528
18
1189
2101
18
365
578
33
231
2775
937
2804
18
2561
18
504
1050
1189
2101
2327
2338
365
555
1281
1311
1338
1672
18
997
1022
18
532
679
2763
1189
2101
18
2645
2681
365
825
1287
1352
2910
18
276
1902
2775
402
667
1189
2101
18
2441
18
365
555
1042
1281
2689
1531
18
672
1189
2101
2165
2284
233
468
1022
18
2600
365
18
1189
2101
2123
2775
18
1981
231
18
365
555
1281
375
1189
2101
18
150
2056
2116
18
1727
2576
18
115
127
365
384
402
627
1022
1107
1189
2101
18
1050
47
1447
1902
2561
2775
4
18
143
711
798
1034
2645
1189
2101
7
365
555
676
1281
18
25
1380
2689
2980
18
1189
2101
18
1604
365
791
18
475
1022
429
533
1042
18
276
1189
2007
2101
2775
18
91
365
522
555
609
1281
2404
18
231
296
402
981
1189
1585
1614
1656
2101
2782
18
1210
1266
365
1845
18
2327
2338
1189
2101
18
33
1022
1902
1952
2775
18
365
555
1281
18
375
1189
2101
2689
18
997
2645
18
365
1050
1136
1242
1665
1981
2116
2884
1189
2101
18
2561
332
18
1769
2775
365
402
555
707
1189
1281
2101
2553
2638
18
127
1022
1048
2445
1772
2909
18
2751
18
1189
1954
2101
213
231
365
1042
18
2340
18
1189
2101
1887
2191
18
276
365
535
555
922
1148
1281
1383
1837
1902
2775
259
755
18
1027
2402
2689
923
1022
1189
2101
18
490
896
2124
2910
365
568
18
2666
18
402
780
1087
1161
1189
1209
1373
1497
2101
2420
2645
2086
18
365
555
702
798
1223
1281
2775
18
375
1189
2101
2519
18
533
990
1050
1022
1679
18
365
2171
1258
2424
1189
1191
1961
2101
2561
18
231
18
233
517
939
1534
2116
2147
365
555
1281
18
315
1189
2101
2555
25
454
1902
1936
2775
18
504
1042
1088
1542
1981
2327
2338
2689
2920
18
65
150
208
365
402
1189
1317
2101
2132
2650
18
127
1022
1135
18
1675
1189
2101
18
365
555
981
1129
1281
2950
18
33
276
2322
2645
2775
18
1187
1189
1352
2101
365
997
18
143
2296
18
277
891
1022
1189
1952
2101
18
7
325
365
555
1219
1281
1392
2906
18
231
632
1050
1462
2528
375
402
1189
1282
1902
2101
2775
2907
18
73
2689
1585
2782
18
365
512
2561
18
1189
2101
1946
2356
18
2353
365
555
1022
1042
1107
1121
1281
2177
2754
18
1554
1189
2101
2896
18
528
1082
1845
2116
1672
2775
18
365
1189
2101
18
1732
2158
2285
2645
2728
18
429
533
18
365
402
555
676
1189
1281
1981
2101
798
18
127
1022
18
276
793
885
1902
2689
2775
231
1189
2101
365
524
18
1125
18
1552
1189
2101
18
1050
1122
1242
2172
2288
2327
2338
365
555
1281
2469
18
1864
2910
1493
1805
2472
2761
18
375
1189
2101
1022
2775
18
365
649
2561
1622
2365
18
402
1042
1189
2101
18
1197
365
555
1281
1465
1659
18
918
1860
2645
25
1189
2101
18
654
1763
2591
2649
1060
18
2689
33
69
365
1902
2775
1022
18
1189
2007
2101
2116
2681
997
231
981
2066
18
2123
18
365
555
1281
2572
1189
2101
1954
18
2
18
294
1261
2283
233
302
365
402
1189
2101
18
276
1089
2775
18
127
615
744
909
1022
1050
1411
1952
1967
1981
150
18
1189
2101
2340
365
475
555
1281
1559
2984
382
18
18
375
1189
2101
2817
533
2561
18
151
365
937
1042
1161
1209
1355
2645
2689
2804
1902
2775
18
1189
2101
18
253
1022
365
555
923
1281
1879
18
231
2193
18
143
402
711
798
1189
1956
2101
2845
2423
523
18
465
2530
365
2092
18
504
657
675
1585
2327
2338
2782
1189
2101
2775
18
7
18
365
555
898
1074
1281
1385
1665
1837
2074
2116
2502
1022
1189
1631
1792
2101
2420
18
1679
1987
18
365
18
1050
1189
2101
2689
18
276
1061
1102
1902
2775
18
2645
365
402
555
1189
1281
1845
2101
18
1042
1352
2821
18
127
211
1022
231
2561
375
1189
2101
18
365
1264
1616
1727
1981
2307
2638
18
2352
2490
33
702
2775
18
997
1021
1189
1930
2101
1531
365
490
555
1281
2124
2910
18
18
25
1189
2101
18
365
826
981
1022
1107
2617
18
1713
2689
402
794
1189
2101
18
1289
1902
2775
18
193
365
429
533
555
990
1281
1536
2064
18
1189
2101
1238
1315
18
126
1050
1242
2116
2645
365
963
1773
18
1189
1887
2101
2191
231
1022
1952
18
273
1266
18
276
1452
1935
2309
2775
365
555
676
1042
1281
2090
2443
1189
1368
2101
2988
18
1771
18
1072
1961
2287
2327
2338
2561
798
2151
18
365
375
402
591
1189
2101
2907
18
2689
18
127
1022
1582
2009
2065
1189
2101
2235
365
555
1281
1902
2322
2775
18
2678
233
18
65
150
480
1317
1981
2056
2518
2650
2713
1189
2101
2424
18
365
412
18
1311
1672
1886
18
1189
2101
2645
18
231
365
555
951
1281
1462
1022
2775
18
1050
2921
402
1189
1677
2101
18
1601
365
1917
2255
2598
2903
18
2171
1189
2101
18
980
1027
1042
1594
2116
2689
1585
1954
2782
18
143
1933
365
555
1281
997
18
33
276
1189
1902
2101
2660
2775
1022
2332
2561
18
2494
18
365
2086
375
533
1189
2101
2812
18
2057
18
7
365
402
555
1189
1281
1392
1900
2101
18
961
2340
2775
18
981
1161
1209
1258
1514
2645
25
231
18
115
127
627
1022
1189
2007
2101
2311
365
1619
18
1407
1845
1875
18
2689
2910
1189
2101
18
252
365
504
555
1050
1281
1298
1981
2327
2338
2945
886
18
1902
2775
1189
2101
18
365
798
1042
18
1022
1048
1326
1952
18
402
448
923
1189
2101
2158
2285
512
957
18
365
555
1281
18
76
522
2116
1189
2101
2561
18
276
2775
737
18
365
231
375
520
1189
2101
18
1082
2645
1022
18
1084
2689
365
555
1281
2123
18
1189
1679
2101
1352
18
475
1902
2775
18
541
262
365
402
1189
1805
2101
2420
1675
18
2358
2213
18
1050
1242
2681
1189
2101
18
127
365
555
1022
1107
1121
1281
1837
429
533
18
604
997
1042
18
282
1189
1860
2101
2602
33
976
2775
2946
365
1415
18
2596
150
18
233
939
1981
2927
55
1189
2101
1698
18
231
2689
365
555
1281
18
2185
2561
2645
1022
402
1189
1960
2101
18
18
276
365
1665
1779
1902
1948
2058
2116
2190
2775
821
18
194
375
1189
2101
2327
2338
18
365
555
676
981
1281
1585
1614
2782
18
679
940
1189
2101
18
491
25
1022
18
2409
365
1189
2101
2775
18
143
280
702
711
798
1050
1223
2296
1255
1867
2572
2729
18
18
365
402
555
1042
1189
1281
2101
2689
18
231
18
1189
2101
365
515
18
127
336
615
1022
1952
2645
490
1902
2124
2775
2910
1125
18
1189
1461
2101
18
7
365
555
575
1281
2638
2561
18
18
1189
2101
2132
937
977
2804
18
365
528
1845
1954
1981
1231
18
184
276
533
990
2775
375
402
1022
1189
1367
2101
2907
640
1023
18
1129
1478
2116
365
555
1281
18
2689
4
1034
1189
2101
18
451
18
997
1050
2958
365
231
18
617
1189
2101
33
283
793
1042
1077
1902
2601
2775
18
2216
1022
1672
18
365
555
1161
1209
1281
1497
2645
2906
1189
2101
67
18
2663
2340
18
504
1122
2172
2327
2338
2674
91
365
402
1189
2101
18
32
18
1115
2322
2775
18
251
1189
2101
365
555
1281
1961
2561
18
127
1022
2194
2689
18
1887
2191
1189
2101
18
365
2529
1558
1727
18
798
981
2823
375
1189
2101
18
231
276
1139
1462
1902
2375
2775
65
150
208
365
555
1281
1317
1428
2650
18
18
402
1050
1189
1242
1981
2007
2101
2116
2145
2693
1022
233
18
25
2645
2654
365
923
1042
1819
1879
18
1189
2101
18
1498
979
2775
18
365
555
605
1281
1352
1189
2101
2751
18
228
1585
2424
2689
2782
429
533
2850
18
2469
2686
365
891
1022
1107
1952
1967
18
295
1189
2101
18
1353
1482
1531
1679
18
2561
365
402
555
1189
1281
1383
1902
2101
2775
1266
18
231
18
143
1189
2101
2910
18
19
365
1659
2484
997
18
127
1022
1109
1479
18
375
1189
2101
2420
2645
365
555
1281
1511
2444
18
33
276
1050
2327
2338
2775
2999
2415
18
1042
2576
2689
1189
2101
2114
18
365
18
419
988
1905
2116
402
1189
1370
2101
2171
2508
18
1022
7
18
365
555
676
1281
1392
1837
1981
2607
746
1902
2775
18
749
1189
2101
2407
969
1845
18
1192
1325
2282
159
231
365
18
1189
1542
2101
18
475
1559
2314
798
2561
18
958
1555
365
555
1281
1022
1189
2101
18
2123
2775
1185
18
1027
2645
2689
18
365
402
981
1189
2101
2324
18
533
18
1050
2158
2285
375
1187
1189
2101
365
555
1042
1281
18
2086
1954
18
37
127
276
1022
1611
1902
2743
2775
1189
2101
18
2092
25
365
18
182
1898
1502
2687
18
231
1189
2101
2257
1258
18
365
555
1281
1665
2116
2681
2629
18
402
512
1189
2101
2775
18
150
332
2056
2689
702
1022
1952
365
18
1634
1189
2101
18
504
1161
1198
1209
1805
1981
2214
2327
2338
2542
2645
2909
997
2561
18
233
302
365
555
1281
18
1082
1189
1721
2101
2648
2934
18
33
147
1585
1757
1902
2309
2775
2782
18
365
2103
2106
2340
1189
1732
2101
1022
18
1050
1242
1860
1042
2549
18
365
375
402
555
1189
1281
2101
2817
2907
18
231
18
490
896
999
2124
2910
1528
1506
18
276
885
1189
2101
2689
2775
365
18
1850
1963
18
127
1022
1189
2101
18
143
365
555
711
798
1281
18
2645
998
1311
1338
1343
1672
1189
2101
18
429
533
990
1068
2064
2116
2210
365
1902
2638
2775
18
2547
18
402
1189
1191
1810
2101
2561
718
825
1287
1352
1968
18
963
365
555
1022
1107
1121
1281
1792
1876
18
1844
667
1189
1197
2101
923
981
18
231
18
365
1042
1050
1966
1981
2593
2689
2920
2775
1189
1763
2101
18
2734
468
18
7
365
555
1281
1339
1845
18
375
1189
2007
2101
2503
1022
1048
18
784
1675
18
2327
2338
365
402
1189
2101
2572
25
18
276
1902
2322
2645
2775
1679
463
2227
18
1519
1189
2101
18
365
555
914
997
1281
2220
2442
18
2908
18
115
127
615
627
909
1022
1189
1952
2101
365
18
2689
33
47
1961
2561
2775
18
231
1462
2116
1189
2101
814
18
22
365
555
676
1281
2796
18
2431
402
937
1042
1189
1355
2101
2420
2804
18
1050
18
365
1946
1022
1401
18
1189
2101
65
150
1317
1902
2650
2775
2887
2892
18
86
533
365
555
775
1281
1887
2191
18
2645
375
798
1189
2101
18
522
609
1981
1508
18
2196
365
1368
2988
296
1189
1585
2101
2782
18
233
939
2689
1022
18
276
2775
1954
18
365
402
555
1189
1281
1385
1837
1900
2074
2101
231
2910
577
18
74
18
1189
2101
365
1333
2235
18
634
2561
18
1125
1102
1189
1902
2101
2775
18
127
1022
134
365
555
981
1042
1281
1718
2424
18
504
1050
1242
1998
2116
2288
2327
2338
18
1189
2101
18
365
1161
1209
1843
2472
2645
2761
18
143
2296
2689
402
1189
1264
1374
1727
2101
2307
2553
2975
18
1622
2365
2775
365
555
1113
1281
1677
18
475
1022
375
997
1189
2101
18
1980
231
2348
18
246
365
18
25
1189
2101
2279
2340
18
18
33
69
276
365
535
555
922
1146
1281
1902
1981
2665
2775
1189
2101
18
1022
1952
18
2123
190
193
365
402
429
533
1189
2101
18
2561
18
528
1042
1845
2689
18
1050
1087
1189
1373
2101
2645
7
365
555
1281
1392
2775
18
2283
702
798
1223
18
1189
1266
2101
18
127
365
744
1022
1107
1411
1665
1828
2116
2311
2519
407
18
231
1352
1934
1189
2101
18
382
2171
365
555
1281
1369
18
793
1902
2775
18
375
402
1189
2101
2907
18
365
1310
1647
1531
18
1022
1189
2009
2065
2101
1873
18
1122
2172
2327
2338
2689
18
365
555
923
1281
1879
2158
2285
2708
2793
150
480
1189
1359
2101
2132
18
276
2681
2775
2134
18
2423
2645
365
1042
2561
18
1189
1672
2101
18
981
1050
1129
1193
1585
1614
1981
2782
2950
8
490
1022
2124
2306
2910
18
2099
231
365
402
520
555
951
1189
1281
2101
2161
2989
18
830
233
561
1902
2775
2949
18
2262
997
1189
2101
18
365
1679
1987
2301
18
277
525
18
980
1027
1189
1676
2007
2101
2116
2689
262
325
365
555
676
1281
1805
2571
2906
18
127
533
990
1022
18
421
502
1133
2772
2900
33
375
1189
2101
2775
18
98
365
1354
18
512
630
25
402
1189
2086
2101
18
2645
18
365
555
1281
1860
2638
18
1189
2101
1022
1042
1952
1967
2177
2754
231
18
143
276
711
798
1902
2775
2561
55
365
2735
18
1050
1082
1242
1954
1189
1258
2101
2420
18
18
2689
365
555
578
1281
1189
2101
18
18
1022
2322
2775
18
252
365
402
504
794
1189
1981
2101
2327
2338
972
18
18
1189
2101
365
555
679
1281
18
12
18
1161
1209
1497
2116
2645
375
1189
2101
18
365
1845
1902
2775
18
127
231
1022
1462
2469
18
76
1189
2101
2536
278
7
18
365
555
1042
1281
1837
2090
2443
2597
2689
18
237
402
672
1189
2101
2165
2284
18
649
1050
1072
1961
2561
365
981
18
276
997
2775
429
533
1189
2101
18
1022
2340
18
365
555
1281
1659
18
1189
2101
18
2649
2967
1413
18
65
150
208
365
1317
2056
2650
1189
2101
2358
33
1902
2775
18
2645
2910
18
412
231
1585
2782
365
402
555
797
1022
1107
1121
1189
1281
2101
18
2689
2541
18
1649
1981
2572
18
375
1189
2101
4
365
798
1034
1058
18
1352
2116
2921
1887
2191
2775
25
1042
1380
2980
18
233
1189
2101
18
365
555
1281
2363
2903
1456
2360
18
127
615
891
1022
1050
1952
2327
2338
1604
1189
2101
2561
18
1836
365
475
1559
18
18
103
276
402
1189
1902
2101
2305
2660
2775
18
2460
91
365
555
1281
2404
2626
18
937
2494
2645
2689
2804
1189
2101
231
18
1022
18
365
1210
1788
2057
970
1189
2101
18
559
923
2309
2424
2775
18
1675
365
555
1281
18
143
702
1189
1200
2101
533
18
1927
2092
18
365
375
402
1042
1189
2101
2907
1022
2123
18
732
997
18
1902
2775
1189
2101
18
365
555
676
1050
1074
1136
1242
1281
1665
1981
2116
2298
2502
2884
18
862
2689
981
2561
1679
18
1189
1865
2101
365
18
231
248
1112
1825
2645
2995
1929
18
127
1022
1048
1062
2445
1189
2101
1311
1672
18
33
276
2775
365
555
1281
2751
2982
18
402
1189
1845
1954
2101
18
2606
18
365
2335
2821
798
18
1189
2007
2101
18
504
1616
1727
2327
2338
1022
7
365
555
1281
1383
1392
1902
2166
2775
18
1189
2101
2352
18
1028
1042
2402
2689
18
365
490
2124
2910
375
617
1189
2101
18
717
1272
2666
18
25
1050
150
231
1382
18
365
402
555
780
1161
1189
1209
1281
2101
2420
2645
2775
826
1022
1043
1585
1952
2617
2782
18
2561
18
355
926
2116
2681
1189
2101
365
18
18
429
533
990
1536
1981
2064
1125
1189
2101
18
365
555
1281
2171
1238
18
276
976
1902
2158
2285
2775
2946
18
115
127
627
1022
1189
2101
2689
963
18
144
233
302
365
517
939
1534
2147
18
85
1266
315
402
1189
1195
2101
2555
18
997
365
555
1042
1281
1542
18
2340
231
1189
2101
2775
18
18
2645
365
1022
1107
1135
2638
18
194
375
941
1050
1189
2101
2817
1032
18
18
365
555
981
1281
1837
1189
2101
2561
18
33
1805
1902
2322
2775
18
163
491
522
2689
365
402
1187
1189
1352
2101
18
2327
2338
1022
18
143
711
798
2116
2296
18
1189
2101
365
555
1281
2826
18
1886
18
276
1860
2775
1189
1531
1885
2101
18
231
365
1462
1981
2528
1144
18
2753
73
1042
1189
2101
18
127
1022
1792
2645
365
512
555
1281
18
1917
2255
2598
18
402
1189
1461
2101
533
1902
2775
18
1027
1050
1242
2689
365
2353
18
1286
1851
375
1189
2101
1554
18
25
18
365
528
555
1082
1281
1845
1022
1952
1961
2332
2561
1189
2101
2576
18
2347
