1938 3
1391 3
1712 3
1901 3
1410 3
1698 3
1851 3
1790 3
1450 3
1428 3
1655 3
1857 3
1462 3
1473 3
1815 3
1481 3
1517 3
1592 3
1819 3
1789 4
1967 3
1708 3
1988 3
1748 3
1909 3
1630 3
1371 3
1853 3
1720 3
1443 3
1733 3
1876 3
1960 3
1949 3
1704 3
1668 3
1773 3
1773 3
1519 3
1984 3
1851 3
1610 3
1481 3
1668 3
1399 3
1431 3
1999 3
1459 3
1930 3
1959 3
1712 3
1630 3
1940 3
1961 3
1850 3
1869 3
1895 3
1828 3
1825 3
1588 3
1997 3
1988 3
1845 3
1549 3
1864 3
1652 4
1816 3
1667 3
1446 3
1947 3
1958 3
1325 3
1610 3
1924 3
1605 3
1543 3
1987 3
1527 3
1968 3
1204 4
1584 3
1423 3
1942 3
1536 3
1798 3
2037 3
1936 3
1575 3
1914 3
1821 3
1650 3
1756 3
1487 3
1219 4
1747 3
1396 3
1758 3
